d:\cloud drivers\onedrive\учеба\текущие предметы\тяп\лабораторные работы\лр1\consoleapplication2\debug\consoleapplication2.pch.codeanalysis
d:\cloud drivers\onedrive\учеба\текущие предметы\тяп\лабораторные работы\лр1\consoleapplication2\debug\vc141.pdb
d:\cloud drivers\onedrive\учеба\текущие предметы\тяп\лабораторные работы\лр1\consoleapplication2\debug\vc141.idb
d:\cloud drivers\onedrive\учеба\текущие предметы\тяп\лабораторные работы\лр1\consoleapplication2\debug\consoleapplication2.pch.codeanalysisast
d:\cloud drivers\onedrive\учеба\текущие предметы\тяп\лабораторные работы\лр1\consoleapplication2\debug\stdafx.nativecodeanalysis.xml
d:\cloud drivers\onedrive\учеба\текущие предметы\тяп\лабораторные работы\лр1\consoleapplication2\debug\stdafx.obj
d:\cloud drivers\onedrive\учеба\текущие предметы\тяп\лабораторные работы\лр1\consoleapplication2\debug\consoleapplication2.nativecodeanalysis.xml
d:\cloud drivers\onedrive\учеба\текущие предметы\тяп\лабораторные работы\лр1\consoleapplication2\debug\consoleapplication2.obj
d:\cloud drivers\onedrive\учеба\текущие предметы\тяп\лабораторные работы\лр1\consoleapplication2\debug\consoleapplication2.ilk
d:\cloud drivers\onedrive\учеба\текущие предметы\тяп\лабораторные работы\лр1\consoleapplication2\debug\consoleapplication2.exe
d:\cloud drivers\onedrive\учеба\текущие предметы\тяп\лабораторные работы\лр1\consoleapplication2\debug\consoleapplication2.pdb
d:\cloud drivers\onedrive\учеба\текущие предметы\тяп\лабораторные работы\лр1\consoleapplication2\debug\nativecodeanalysis.read.1.tlog
d:\cloud drivers\onedrive\учеба\текущие предметы\тяп\лабораторные работы\лр1\consoleapplication2\debug\vc.nativecodeanalysis.all.xml
d:\cloud drivers\onedrive\учеба\текущие предметы\тяп\лабораторные работы\лр1\consoleapplication2\debug\consoleapplication2.exe.lastcodeanalysissucceeded
d:\cloud drivers\onedrive\учеба\текущие предметы\тяп\лабораторные работы\лр1\consoleapplication2\debug\consolea.2b8bedbd.tlog\cl.command.1.tlog
d:\cloud drivers\onedrive\учеба\текущие предметы\тяп\лабораторные работы\лр1\consoleapplication2\debug\consolea.2b8bedbd.tlog\cl.read.1.tlog
d:\cloud drivers\onedrive\учеба\текущие предметы\тяп\лабораторные работы\лр1\consoleapplication2\debug\consolea.2b8bedbd.tlog\cl.write.1.tlog
d:\cloud drivers\onedrive\учеба\текущие предметы\тяп\лабораторные работы\лр1\consoleapplication2\debug\consolea.2b8bedbd.tlog\link.command.1.tlog
d:\cloud drivers\onedrive\учеба\текущие предметы\тяп\лабораторные работы\лр1\consoleapplication2\debug\consolea.2b8bedbd.tlog\link.read.1.tlog
d:\cloud drivers\onedrive\учеба\текущие предметы\тяп\лабораторные работы\лр1\consoleapplication2\debug\consolea.2b8bedbd.tlog\link.write.1.tlog
